[20:09:10] [Client thread/INFO]: Setting user: Player352
[20:09:13] [Client thread/INFO]: LWJGL Version: 2.9.1
[20:09:18] [Client thread/INFO]: Reloading ResourceManager: Default, FMLFileResourcePack:Forge Mod Loader, FMLFileResourcePack:Minecraft Forge, FMLFileResourcePack:Bacteria Mod
[20:09:19] [Sound Library Loader/INFO]: Starting up SoundSystem...
[20:09:19] [Thread-9/INFO]: Initializing LWJGL OpenAL
[20:09:19] [Thread-9/INFO]: (The LWJGL binding of OpenAL.  For more information, see http://www.lwjgl.org)
[20:09:19] [Thread-9/INFO]: OpenAL initialized.
[20:09:19] [Sound Library Loader/INFO]: Sound engine started
[20:09:22] [Client thread/INFO]: Created: 16x16 textures-atlas
[20:09:23] [Client thread/INFO]: Reloading ResourceManager: Default, FMLFileResourcePack:Forge Mod Loader, FMLFileResourcePack:Minecraft Forge, FMLFileResourcePack:Bacteria Mod
[20:09:23] [Client thread/INFO]: SoundSystem shutting down...
[20:09:23] [Client thread/WARN]: Author: Paul Lamb, www.paulscode.com
[20:09:23] [Sound Library Loader/INFO]: Starting up SoundSystem...
[20:09:23] [Thread-11/INFO]: Initializing LWJGL OpenAL
[20:09:23] [Thread-11/INFO]: (The LWJGL binding of OpenAL.  For more information, see http://www.lwjgl.org)
[20:09:23] [Thread-11/INFO]: OpenAL initialized.
[20:09:24] [Sound Library Loader/INFO]: Sound engine started
[20:09:27] [Client thread/INFO]: Created: 512x512 textures-atlas
[20:09:32] [Server thread/INFO]: Starting integrated minecraft server version 1.8
[20:09:32] [Server thread/INFO]: Generating keypair
[20:09:33] [Server thread/INFO]: Preparing start region for level 0
[20:09:34] [Server thread/INFO]: Preparing spawn area: 81%
[20:09:34] [Server thread/INFO]: Changing view distance to 12, from 10
[20:09:35] [Server thread/INFO]: Player352[local:E:14d320fe] logged in with entity id 279 at (-86.30435179275027, 69.0, 242.67235743456786)
[20:09:35] [Server thread/INFO]: Player352 joined the game
[20:09:36] [pool-2-thread-1/WARN]: Couldn't look up profile properties for com.mojang.authlib.GameProfile@60340cc8[id=d944aee7-2684-33ce-b4ec-6dde00bdf73f,name=Player352,properties={},legacy=false]
com.mojang.authlib.exceptions.AuthenticationException: The client has sent too many requests within a certain amount of time
	at com.mojang.authlib.yggdrasil.YggdrasilAuthenticationService.makeRequest(YggdrasilAuthenticationService.java:65) ~[YggdrasilAuthenticationService.class:?]
	at com.mojang.authlib.yggdrasil.YggdrasilMinecraftSessionService.fillGameProfile(YggdrasilMinecraftSessionService.java:158) [YggdrasilMinecraftSessionService.class:?]
	at com.mojang.authlib.yggdrasil.YggdrasilMinecraftSessionService$1.load(YggdrasilMinecraftSessionService.java:53) [YggdrasilMinecraftSessionService$1.class:?]
	at com.mojang.authlib.yggdrasil.YggdrasilMinecraftSessionService$1.load(YggdrasilMinecraftSessionService.java:50) [YggdrasilMinecraftSessionService$1.class:?]
	at com.google.common.cache.LocalCache$LoadingValueReference.loadFuture(LocalCache.java:3524) [guava-17.0.jar:?]
	at com.google.common.cache.LocalCache$Segment.loadSync(LocalCache.java:2317) [guava-17.0.jar:?]
	at com.google.common.cache.LocalCache$Segment.lockedGetOrLoad(LocalCache.java:2280) [guava-17.0.jar:?]
	at com.google.common.cache.LocalCache$Segment.get(LocalCache.java:2195) [guava-17.0.jar:?]
	at com.google.common.cache.LocalCache.get(LocalCache.java:3934) [guava-17.0.jar:?]
	at com.google.common.cache.LocalCache.getOrLoad(LocalCache.java:3938) [guava-17.0.jar:?]
	at com.google.common.cache.LocalCache$LocalLoadingCache.get(LocalCache.java:4821) [guava-17.0.jar:?]
	at com.google.common.cache.LocalCache$LocalLoadingCache.getUnchecked(LocalCache.java:4827) [guava-17.0.jar:?]
	at com.mojang.authlib.yggdrasil.YggdrasilMinecraftSessionService.fillProfileProperties(YggdrasilMinecraftSessionService.java:148) [YggdrasilMinecraftSessionService.class:?]
	at net.minecraft.client.resources.SkinManager$3.run(SkinManager.java:138) [SkinManager$3.class:?]
	at java.util.concurrent.Executors$RunnableAdapter.call(Executors.java:511) [?:1.8.0_11]
	at java.util.concurrent.FutureTask.run(FutureTask.java:266) [?:1.8.0_11]
	at java.util.concurrent.ThreadPoolExecutor.runWorker(ThreadPoolExecutor.java:1142) [?:1.8.0_11]
	at java.util.concurrent.ThreadPoolExecutor$Worker.run(ThreadPoolExecutor.java:617) [?:1.8.0_11]
	at java.lang.Thread.run(Thread.java:745) [?:1.8.0_11]
[20:09:44] [Chunk Batcher 0/WARN]: Needed to grow BufferBuilder buffer: Old size 524288 bytes, new size 2621440 bytes.
[20:09:44] [Chunk Batcher 0/WARN]: Needed to grow BufferBuilder buffer: Old size 524288 bytes, new size 2621440 bytes.
[20:09:45] [Chunk Batcher 1/WARN]: Needed to grow BufferBuilder buffer: Old size 524288 bytes, new size 2621440 bytes.
[20:09:48] [Client thread/INFO]: [CHAT] Added coords to teleporter
[20:09:48] [Client thread/INFO]: [CHAT] Added coords to teleporter
[20:09:54] [Server thread/INFO]: Player352 has just earned the achievement [Taking Inventory]
[20:09:54] [Client thread/INFO]: [CHAT] Player352 has just earned the achievement [Taking Inventory]
[20:10:22] [Server thread/INFO]: Saving and pausing game...
[20:10:22] [Server thread/INFO]: Saving chunks for level 'Test World'/Overworld
[20:10:22] [Server thread/INFO]: Saving chunks for level 'Test World'/Nether
[20:10:22] [Server thread/INFO]: Saving chunks for level 'Test World'/The End
[20:10:23] [Server thread/INFO]: Stopping server
[20:10:23] [Server thread/INFO]: Saving players
[20:10:23] [Server thread/INFO]: Saving worlds
[20:10:23] [Server thread/INFO]: Saving chunks for level 'Test World'/Overworld
[20:10:23] [Server thread/INFO]: Saving chunks for level 'Test World'/Nether
[20:10:23] [Server thread/INFO]: Saving chunks for level 'Test World'/The End
[20:10:24] [Client thread/INFO]: Stopping!
[20:10:24] [Client thread/INFO]: SoundSystem shutting down...
[20:10:24] [Client thread/WARN]: Author: Paul Lamb, www.paulscode.com
